1444-04-24 16:41:58 +0000  Initial pipeline context: <IDEDistributionProcessingPipelineContext: 0x7fc041ca2ce0; archive(resolved)="<IDEArchive: 0x7fc06a353180>", distributionTask(resolved)="2", distributionDestination(resolved)="1", distributionMethod(resolved)="<IDEDistributionMethodDevelopmentSigned: 0x7fc058374880>", team(resolved)="<IDEProvisioningDisambiguatableBasicTeam: 0x7fc079605620; teamID='696PA32759', teamName='TECHNADO (PRIVATE) LIMITED', teamType='Company', username='hassan.naeem@binatedigital.com', isFreeProvisioningTeam='0'>">
	Chain (14, self inclusive):
	<IDEDistributionProcessingPipelineContext: 0x7fc041ca2ce0; archive = "<IDEArchive: 0x7fc06a353180>", distributionMethod="<IDEDistributionMethodDevelopmentSigned: 0x7fc058374880>", team="<IDEProvisioningDisambiguatableBasicTeam: 0x7fc079605620; teamID='696PA32759', teamName='TECHNADO (PRIVATE) LIMITED', teamType='Company', username='hassan.naeem@binatedigital.com', isFreeProvisioningTeam='0'>">
	<IDEDistributionProcessingPipelineContext: 0x7fc041cbde60; archive = "<IDEArchive: 0x7fc06a353180>", distributionMethod="<IDEDistributionMethodDevelopmentSigned: 0x7fc058374880>", team="<IDEProvisioningDisambiguatableBasicTeam: 0x7fc079605620; teamID='696PA32759', teamName='TECHNADO (PRIVATE) LIMITED', teamType='Company', username='hassan.naeem@binatedigital.com', isFreeProvisioningTeam='0'>">
	<IDEDistributionContext: 0x7fc0586c7ba0; archive = "<IDEArchive: 0x7fc06a353180>", distributionMethod="<IDEDistributionMethodDevelopmentSigned: 0x7fc058374880>", team="<IDEProvisioningDisambiguatableBasicTeam: 0x7fc079605620; teamID='696PA32759', teamName='TECHNADO (PRIVATE) LIMITED', teamType='Company', username='hassan.naeem@binatedigital.com', isFreeProvisioningTeam='0'>">
	<IDEDistributionContext: 0x7fc041cce670; archive = "<IDEArchive: 0x7fc06a353180>", distributionMethod="<IDEDistributionMethodDevelopmentSigned: 0x7fc058374880>", team="<IDEProvisioningDisambiguatableBasicTeam: 0x7fc079605620; teamID='696PA32759', teamName='TECHNADO (PRIVATE) LIMITED', teamType='Company', username='hassan.naeem@binatedigital.com', isFreeProvisioningTeam='0'>">
	<IDEDistributionContext: 0x7fc05a86a410; archive = "<IDEArchive: 0x7fc06a353180>", distributionMethod="<IDEDistributionMethodDevelopmentSigned: 0x7fc058374880>", team="<IDEProvisioningDisambiguatableBasicTeam: 0x7fc079605620; teamID='696PA32759', teamName='TECHNADO (PRIVATE) LIMITED', teamType='Company', username='hassan.naeem@binatedigital.com', isFreeProvisioningTeam='0'>">
	<IDEDistributionContext: 0x7fc05a86a180; archive = "<IDEArchive: 0x7fc06a353180>", distributionMethod="<IDEDistributionMethodDevelopmentSigned: 0x7fc058374880>", team="<IDEProvisioningDisambiguatableBasicTeam: 0x7fc079605620; teamID='696PA32759', teamName='TECHNADO (PRIVATE) LIMITED', teamType='Company', username='hassan.naeem@binatedigital.com', isFreeProvisioningTeam='0'>">
	<IDEDistributionContext: 0x7fc05860d390; archive = "<IDEArchive: 0x7fc06a353180>", distributionMethod="<IDEDistributionMethodDevelopmentSigned: 0x7fc058374880>", team="<IDEProvisioningDisambiguatableBasicTeam: 0x7fc079605620; teamID='696PA32759', teamName='TECHNADO (PRIVATE) LIMITED', teamType='Company', username='hassan.naeem@binatedigital.com', isFreeProvisioningTeam='0'>">
	<IDEDistributionContext: 0x7fc058bcdf80; archive = "<IDEArchive: 0x7fc06a353180>", distributionMethod="<IDEDistributionMethodDevelopmentSigned: 0x7fc058374880>", team="<IDEProvisioningDisambiguatableBasicTeam: 0x7fc079605620; teamID='696PA32759', teamName='TECHNADO (PRIVATE) LIMITED', teamType='Company', username='hassan.naeem@binatedigital.com', isFreeProvisioningTeam='0'>">
	<IDEDistributionContext: 0x7fc041cea980; archive = "<IDEArchive: 0x7fc06a353180>", distributionMethod="<IDEDistributionMethodDevelopmentSigned: 0x7fc058374880>", team="<IDEProvisioningDisambiguatableBasicTeam: 0x7fc079605620; teamID='696PA32759', teamName='TECHNADO (PRIVATE) LIMITED', teamType='Company', username='hassan.naeem@binatedigital.com', isFreeProvisioningTeam='0'>">
	<IDEDistributionContext: 0x7fc041cf27b0; archive = "<IDEArchive: 0x7fc06a353180>", distributionMethod="<IDEDistributionMethodDevelopmentSigned: 0x7fc058374880>", team="(null)">
	<IDEDistributionContext: 0x7fc0581a6b10; archive = "<IDEArchive: 0x7fc06a353180>", distributionMethod="<IDEDistributionMethodDevelopmentSigned: 0x7fc058374880>", team="(null)">
	<IDEDistributionContext: 0x7fc041c9bdc0; archive = "<IDEArchive: 0x7fc06a353180>", distributionMethod="<IDEDistributionMethodDevelopmentSigned: 0x7fc058374880>", team="(null)">
	<IDEDistributionContext: 0x7fc058a6f210; archive = "<IDEArchive: 0x7fc06a353180>", distributionMethod="<IDEDistributionMethodDevelopmentSigned: 0x7fc058374880>", team="(null)">
	<IDEDistributionContext: 0x7fc0586e3470; archive = "<IDEArchive: 0x7fc06a353180>", distributionMethod="(null)", team="(null)">
</IDEDistributionProcessingPipelineContext: 0x7fc041ca2ce0>
1444-04-24 16:41:58 +0000  Processing step: IDEDistributionCreateDestRootStep
1444-04-24 16:41:58 +0000  Processing step: IDEDistributionCopyItemStep
1444-04-24 16:41:58 +0000  Running /usr/bin/ditto '-V' '/Users/muhammadhassannaeem/Library/Developer/Xcode/Archives/1444-04-24/nouvoprix 24-04-1444 AH, 9.40 PM.xcarchive/Products/Applications/nouvoprix.app' '/var/folders/gh/4qn86l115870rx3nydjgp_rr0000gp/T/XcodeDistPipeline.~~~icz1su/Root/Payload/nouvoprix.app'
1444-04-24 16:41:58 +0000  >>> Copying /Users/muhammadhassannaeem/Library/Developer/Xcode/Archives/1444-04-24/nouvoprix 24-04-1444 AH, 9.40 PM.xcarchive/Products/Applications/nouvoprix.app 
1444-04-24 16:41:58 +0000  copying file ./_CodeSignature/CodeResources ... 
1444-04-24 16:41:58 +0000  45341 bytes for ./_CodeSignature/CodeResources
1444-04-24 16:41:58 +0000  copying file ./QBImagePicker.bundle/de.lproj/QBImagePicker.strings ... 
1444-04-24 16:41:58 +0000  1131 bytes for ./QBImagePicker.bundle/de.lproj/QBImagePicker.strings
1444-04-24 16:41:58 +0000  copying file ./QBImagePicker.bundle/zh-Hans.lproj/QBImagePicker.strings ... 
1444-04-24 16:41:58 +0000  1119 bytes for ./QBImagePicker.bundle/zh-Hans.lproj/QBImagePicker.strings
1444-04-24 16:41:58 +0000  copying file ./QBImagePicker.bundle/ja.lproj/QBImagePicker.strings ... 
1444-04-24 16:41:58 +0000  1214 bytes for ./QBImagePicker.bundle/ja.lproj/QBImagePicker.strings
1444-04-24 16:41:58 +0000  copying file ./QBImagePicker.bundle/en.lproj/QBImagePicker.strings ... 
1444-04-24 16:41:58 +0000  1064 bytes for ./QBImagePicker.bundle/en.lproj/QBImagePicker.strings
1444-04-24 16:41:58 +0000  copying file ./QBImagePicker.bundle/uk.lproj/QBImagePicker.strings ... 
1444-04-24 16:41:58 +0000  1398 bytes for ./QBImagePicker.bundle/uk.lproj/QBImagePicker.strings
1444-04-24 16:41:58 +0000  copying file ./QBImagePicker.bundle/QBImagePicker.storyboardc/QiH-NZ-ZGN-view-sD2-zK-ryo.nib/runtime.nib ... 
1444-04-24 16:41:58 +0000  10163 bytes for ./QBImagePicker.bundle/QBImagePicker.storyboardc/QiH-NZ-ZGN-view-sD2-zK-ryo.nib/runtime.nib
1444-04-24 16:41:58 +0000  copying file ./QBImagePicker.bundle/QBImagePicker.storyboardc/QiH-NZ-ZGN-view-sD2-zK-ryo.nib/objects-12.3+.nib ... 
1444-04-24 16:41:58 +0000  10390 bytes for ./QBImagePicker.bundle/QBImagePicker.storyboardc/QiH-NZ-ZGN-view-sD2-zK-ryo.nib/objects-12.3+.nib
1444-04-24 16:41:58 +0000  copying file ./QBImagePicker.bundle/QBImagePicker.storyboardc/QBAlbumsViewController.nib/runtime.nib ... 
1444-04-24 16:41:58 +0000  1775 bytes for ./QBImagePicker.bundle/QBImagePicker.storyboardc/QBAlbumsViewController.nib/runtime.nib
copying file ./QBImagePicker.bundle/QBImagePicker.storyboardc/QBAlbumsViewController.nib/objects-12.3+.nib ... 
1444-04-24 16:41:58 +0000  1775 bytes for ./QBImagePicker.bundle/QBImagePicker.storyboardc/QBAlbumsViewController.nib/objects-12.3+.nib
1444-04-24 16:41:58 +0000  copying file ./QBImagePicker.bundle/QBImagePicker.storyboardc/QBAssetsViewController.nib/runtime.nib ... 
1444-04-24 16:41:58 +0000  1368 bytes for ./QBImagePicker.bundle/QBImagePicker.storyboardc/QBAssetsViewController.nib/runtime.nib
copying file ./QBImagePicker.bundle/QBImagePicker.storyboardc/QBAssetsViewController.nib/objects-12.3+.nib ... 
1444-04-24 16:41:58 +0000  1368 bytes for ./QBImagePicker.bundle/QBImagePicker.storyboardc/QBAssetsViewController.nib/objects-12.3+.nib
1444-04-24 16:41:58 +0000  copying file ./QBImagePicker.bundle/QBImagePicker.storyboardc/QL5-wR-LYt-view-66K-TS-Yoc.nib/runtime.nib ... 
1444-04-24 16:41:58 +0000  7159 bytes for ./QBImagePicker.bundle/QBImagePicker.storyboardc/QL5-wR-LYt-view-66K-TS-Yoc.nib/runtime.nib
1444-04-24 16:41:58 +0000  copying file ./QBImagePicker.bundle/QBImagePicker.storyboardc/QL5-wR-LYt-view-66K-TS-Yoc.nib/objects-12.3+.nib ... 
1444-04-24 16:41:58 +0000  7159 bytes for ./QBImagePicker.bundle/QBImagePicker.storyboardc/QL5-wR-LYt-view-66K-TS-Yoc.nib/objects-12.3+.nib
1444-04-24 16:41:58 +0000  copying file ./QBImagePicker.bundle/QBImagePicker.storyboardc/QBAlbumsNavigationController.nib/runtime.nib ... 
1444-04-24 16:41:58 +0000  2592 bytes for ./QBImagePicker.bundle/QBImagePicker.storyboardc/QBAlbumsNavigationController.nib/runtime.nib
1444-04-24 16:41:58 +0000  copying file ./QBImagePicker.bundle/QBImagePicker.storyboardc/QBAlbumsNavigationController.nib/objects-12.3+.nib ... 
1444-04-24 16:41:58 +0000  2592 bytes for ./QBImagePicker.bundle/QBImagePicker.storyboardc/QBAlbumsNavigationController.nib/objects-12.3+.nib
1444-04-24 16:41:58 +0000  copying file ./QBImagePicker.bundle/QBImagePicker.storyboardc/Info.plist ... 
1444-04-24 16:41:58 +0000  289 bytes for ./QBImagePicker.bundle/QBImagePicker.storyboardc/Info.plist
1444-04-24 16:41:58 +0000  copying file ./QBImagePicker.bundle/nb.lproj/QBImagePicker.strings ... 
1444-04-24 16:41:58 +0000  1076 bytes for ./QBImagePicker.bundle/nb.lproj/QBImagePicker.strings
1444-04-24 16:41:58 +0000  copying file ./QBImagePicker.bundle/es.lproj/QBImagePicker.strings ... 
1444-04-24 16:41:58 +0000  1113 bytes for ./QBImagePicker.bundle/es.lproj/QBImagePicker.strings
1444-04-24 16:41:58 +0000  copying file ./QBImagePicker.bundle/it.lproj/QBImagePicker.strings ... 
1444-04-24 16:41:58 +0000  1088 bytes for ./QBImagePicker.bundle/it.lproj/QBImagePicker.strings
1444-04-24 16:41:58 +0000  copying file ./QBImagePicker.bundle/sv.lproj/QBImagePicker.strings ... 
1444-04-24 16:41:58 +0000  1082 bytes for ./QBImagePicker.bundle/sv.lproj/QBImagePicker.strings
1444-04-24 16:41:58 +0000  copying file ./QBImagePicker.bundle/ko.lproj/QBImagePicker.strings ... 
1444-04-24 16:41:58 +0000  1139 bytes for ./QBImagePicker.bundle/ko.lproj/QBImagePicker.strings
1444-04-24 16:41:58 +0000  copying file ./QBImagePicker.bundle/zh-Hant.lproj/QBImagePicker.strings ... 
1444-04-24 16:41:58 +0000  1119 bytes for ./QBImagePicker.bundle/zh-Hant.lproj/QBImagePicker.strings
1444-04-24 16:41:58 +0000  copying file ./QBImagePicker.bundle/tr.lproj/QBImagePicker.strings ... 
1444-04-24 16:41:58 +0000  1104 bytes for ./QBImagePicker.bundle/tr.lproj/QBImagePicker.strings
1444-04-24 16:41:58 +0000  copying file ./QBImagePicker.bundle/pl.lproj/QBImagePicker.strings ... 
1444-04-24 16:41:58 +0000  1119 bytes for ./QBImagePicker.bundle/pl.lproj/QBImagePicker.strings
1444-04-24 16:41:58 +0000  copying file ./QBImagePicker.bundle/vi.lproj/QBImagePicker.strings ... 
1143 bytes for ./QBImagePicker.bundle/vi.lproj/QBImagePicker.strings
copying file ./QBImagePicker.bundle/ru.lproj/QBImagePicker.strings ... 
1433 bytes for ./QBImagePicker.bundle/ru.lproj/QBImagePicker.strings
copying file ./QBImagePicker.bundle/fr.lproj/QBImagePicker.strings ... 
1444-04-24 16:41:58 +0000  1153 bytes for ./QBImagePicker.bundle/fr.lproj/QBImagePicker.strings
1444-04-24 16:41:58 +0000  copying file ./QBImagePicker.bundle/pt.lproj/QBImagePicker.strings ... 
1444-04-24 16:41:58 +0000  1112 bytes for ./QBImagePicker.bundle/pt.lproj/QBImagePicker.strings
1444-04-24 16:41:58 +0000  copying file ./QBImagePicker.bundle/ro.lproj/QBImagePicker.strings ... 
1444-04-24 16:41:58 +0000  1127 bytes for ./QBImagePicker.bundle/ro.lproj/QBImagePicker.strings
1444-04-24 16:41:58 +0000  copying file ./QBImagePicker.bundle/Info.plist ... 
1444-04-24 16:41:58 +0000  772 bytes for ./QBImagePicker.bundle/Info.plist
1444-04-24 16:41:58 +0000  copying file ./AppIcon60x60@2x.png ... 
1444-04-24 16:41:58 +0000  9058 bytes for ./AppIcon60x60@2x.png
1444-04-24 16:41:58 +0000  copying file ./nouvoprix ... 
1444-04-24 16:41:58 +0000  28848896 bytes for ./nouvoprix
1444-04-24 16:41:58 +0000  copying file ./AccessibilityResources.bundle/en.lproj/Localizable.strings ... 
518 bytes for ./AccessibilityResources.bundle/en.lproj/Localizable.strings
copying file ./AccessibilityResources.bundle/Info.plist ... 
792 bytes for ./AccessibilityResources.bundle/Info.plist
copying file ./Assets.car ... 
806399 bytes for ./Assets.car
copying file ./main.jsbundle ... 
1939539 bytes for ./main.jsbundle
copying file ./LaunchScreen.storyboardc/UIViewController-01J-lp-oVM.nib ... 
896 bytes for ./LaunchScreen.storyboardc/UIViewController-01J-lp-oVM.nib
copying file ./LaunchScreen.storyboardc/01J-lp-oVM-view-SQF-gv-XeQ.nib ... 
1142 bytes for ./LaunchScreen.storyboardc/01J-lp-oVM-view-SQF-gv-XeQ.nib
copying file ./LaunchScreen.storyboardc/Info.plist ... 
258 bytes for ./LaunchScreen.storyboardc/Info.plist
copying file ./TOCropViewControllerBundle.bundle/de.lproj/TOCropViewControllerLocalizable.strings ... 
189 bytes for ./TOCropViewControllerBundle.bundle/de.lproj/TOCropViewControllerLocalizable.strings
copying file ./TOCropViewControllerBundle.bundle/ar.lproj/TOCropViewControllerLocalizable.strings ... 
207 bytes for ./TOCropViewControllerBundle.bundle/ar.lproj/TOCropViewControllerLocalizable.strings
copying file ./TOCropViewControllerBundle.bundle/zh-Hans.lproj/TOCropViewControllerLocalizable.strings ... 
172 bytes for ./TOCropViewControllerBundle.bundle/zh-Hans.lproj/TOCropViewControllerLocalizable.strings
copying file ./TOCropViewControllerBundle.bundle/ja.lproj/TOCropViewControllerLocalizable.strings ... 
210 bytes for ./TOCropViewControllerBundle.bundle/ja.lproj/TOCropViewControllerLocalizable.strings
copying file ./TOCropViewControllerBundle.bundle/fa.lproj/TOCropViewControllerLocalizable.strings ... 
210 bytes for ./TOCropViewControllerBundle.bundle/fa.lproj/TOCropViewControllerLocalizable.strings
copying file ./TOCropViewControllerBundle.bundle/en.lproj/TOCropViewControllerLocalizable.strings ... 
168 bytes for ./TOCropViewControllerBundle.bundle/en.lproj/TOCropViewControllerLocalizable.strings
copying file ./TOCropViewControllerBundle.bundle/es.lproj/TOCropViewControllerLocalizable.strings ... 
179 bytes for ./TOCropViewControllerBundle.bundle/es.lproj/TOCropViewControllerLocalizable.strings
copying file ./TOCropViewControllerBundle.bundle/it.lproj/TOCropViewControllerLocalizable.strings ... 
181 bytes for ./TOCropViewControllerBundle.bundle/it.lproj/TOCropViewControllerLocalizable.strings
copying file ./TOCropViewControllerBundle.bundle/sk.lproj/TOCropViewControllerLocalizable.strings ... 
176 bytes for ./TOCropViewControllerBundle.bundle/sk.lproj/TOCropViewControllerLocalizable.strings
copying file ./TOCropViewControllerBundle.bundle/ms.lproj/TOCropViewControllerLocalizable.strings ... 
173 bytes for ./TOCropViewControllerBundle.bundle/ms.lproj/TOCropViewControllerLocalizable.strings
copying file ./TOCropViewControllerBundle.bundle/cs.lproj/TOCropViewControllerLocalizable.strings ... 
173 bytes for ./TOCropViewControllerBundle.bundle/cs.lproj/TOCropViewControllerLocalizable.strings
copying file ./TOCropViewControllerBundle.bundle/ko.lproj/TOCropViewControllerLocalizable.strings ... 
187 bytes for ./TOCropViewControllerBundle.bundle/ko.lproj/TOCropViewControllerLocalizable.strings
copying file ./TOCropViewControllerBundle.bundle/Base.lproj/TOCropViewControllerLocalizable.strings ... 
168 bytes for ./TOCropViewControllerBundle.bundle/Base.lproj/TOCropViewControllerLocalizable.strings
copying file ./TOCropViewControllerBundle.bundle/zh-Hant.lproj/TOCropViewControllerLocalizable.strings ... 
175 bytes for ./TOCropViewControllerBundle.bundle/zh-Hant.lproj/TOCropViewControllerLocalizable.strings
copying file ./TOCropViewControllerBundle.bundle/fa-IR.lproj/TOCropViewControllerLocalizable.strings ... 
210 bytes for ./TOCropViewControllerBundle.bundle/fa-IR.lproj/TOCropViewControllerLocalizable.strings
copying file ./TOCropViewControllerBundle.bundle/hu.lproj/TOCropViewControllerLocalizable.strings ... 
194 bytes for ./TOCropViewControllerBundle.bundle/hu.lproj/TOCropViewControllerLocalizable.strings
copying file ./TOCropViewC
1444-04-24 16:41:58 +0000  ontrollerBundle.bundle/da-DK.lproj/TOCropViewControllerLocalizable.strings ... 
174 bytes for ./TOCropViewControllerBundle.bundle/da-DK.lproj/TOCropViewControllerLocalizable.strings
copying file ./TOCropViewControllerBundle.bundle/tr.lproj/TOCropViewControllerLocalizable.strings ... 
183 bytes for ./TOCropViewControllerBundle.bundle/tr.lproj/TOCropViewControllerLocalizable.strings
copying file ./TOCropViewControllerBundle.bundle/pl.lproj/TOCropViewControllerLocalizable.strings ... 
171 bytes for ./TOCropViewControllerBundle.bundle/pl.lproj/TOCropViewControllerLocalizable.strings
copying file ./TOCropViewControllerBundle.bundle/pt-BR.lproj/TOCropViewControllerLocalizable.strings ... 
181 bytes for ./TOCropViewControllerBundle.bundle/pt-BR.lproj/TOCropViewControllerLocalizable.strings
copying file ./TOCropViewControllerBundle.bundle/vi.lproj/TOCropViewControllerLocalizable.strings ... 
178 bytes for ./TOCropViewControllerBundle.bundle/vi.lproj/TOCropViewControllerLocalizable.strings
copying file ./TOCropViewControllerBundle.bundle/ru.lproj/TOCropViewControllerLocalizable.strings ... 
237 bytes for ./TOCropViewControllerBundle.bundle/ru.lproj/TOCropViewControllerLocalizable.strings
copying file ./TOCropViewControllerBundle.bundle/fr.lproj/TOCropViewControllerLocalizable.strings ... 
193 bytes for ./TOCropViewControllerBundle.bundle/fr.lproj/TOCropViewControllerLocalizable.strings
copying file ./TOCropViewControllerBundle.bundle/fi.lproj/TOCropViewControllerLocalizable.strings ... 
179 bytes for ./TOCropViewControllerBundle.bundle/fi.lproj/TOCropViewControllerLocalizable.strings
copying file ./TOCropViewControllerBundle.bundle/id.lproj/TOCropViewControllerLocalizable.strings ... 
178 bytes for ./TOCropViewControllerBundle.bundle/id.lproj/TOCropViewControllerLocalizable.strings
copying file ./TOCropViewControllerBundle.bundle/nl.lproj/TOCropViewControllerLocalizable.strings ... 
178 bytes for ./TOCropViewControllerBundle.bundle/nl.lproj/TOCropViewControllerLocalizable.strings
copying file ./TOCropViewControllerBundle.bundle/pt.lproj/TOCropViewControllerLocalizable.strings ... 
181 bytes for ./TOCropViewControllerBundle.bundle/pt.lproj/TOCropViewControllerLocalizable.strings
copying file ./TOCropViewControllerBundle.bundle/ro.lproj/TOCropViewControllerLocalizable.strings ... 
181 bytes for ./TOCropViewControllerBundle.bundle/ro.lproj/TOCropViewControllerLocalizable.strings
copying file ./TOCropViewControllerBundle.bundle/Info.plist ... 
799 bytes for ./TOCropViewControllerBundle.bundle/Info.plist
copying file ./TOCropViewControllerBundle.bundle/ca.lproj/TOCropViewControllerLocalizable.strings ... 
177 bytes for ./TOCropViewControllerBundle.bundle/ca.lproj/TOCropViewControllerLocalizable.strings
copying file ./embedded.mobileprovision ... 
89216 bytes for ./embedded.mobileprovision
copying file ./assets/node_modules/@react-navigation/drawer/src/views/assets/toggle-drawer-icon@3x.png ... 
212 bytes for ./assets/node_modules/@react-navigation/drawer/src/views/assets/toggle-drawer-icon@3x.png
copying file ./assets/node_modules/@react-navigation/drawer/src/views/assets/toggle-drawer-icon@2x.png ... 
163 bytes for ./assets/node_modules/@react-navigation/drawer/src/views/assets/toggle-drawer-icon@2x.png
copying file ./assets/node_modules/@react-navigation/drawer/src/views/assets/toggle-drawer-icon.png ... 
108 bytes for ./assets/node_modules/@react-navigation/drawer/src/views/assets/toggle-drawer-icon.png
copying file ./assets/node_modules/@react-navigation/elements/src/assets/back-icon@3x.png ... 
761 bytes for ./assets/node_modules/@react-navigation/elements/src/assets/back-icon@3x.png
copying file ./assets/node_modules/@react-navigation/elements/src/assets/back-icon@2x.png ... 
405 bytes for ./assets/node_modules/@react-navigation/elements/src/assets/back-icon@2x.png
copying file ./assets/node_modules/@react-navigation/elements/src/assets/back-icon.png ... 
290 bytes for ./assets/node_modules/@react-navigation/elements/src/assets/back-icon.png
copying file ./assets/node_modules/@react-navigation/elements/src/assets/back-icon-mask.
1444-04-24 16:41:58 +0000  png ... 
913 bytes for ./assets/node_modules/@react-navigation/elements/src/assets/back-icon-mask.png
copying file ./assets/src/assets/Images/cups.jpeg ... 
55941 bytes for ./assets/src/assets/Images/cups.jpeg
copying file ./assets/src/assets/Images/plate.jpeg ... 
5081 bytes for ./assets/src/assets/Images/plate.jpeg
copying file ./assets/src/assets/Images/basicIntersections.png ... 
37095 bytes for ./assets/src/assets/Images/basicIntersections.png
copying file ./assets/src/assets/Images/tray.jpeg ... 
68452 bytes for ./assets/src/assets/Images/tray.jpeg
copying file ./assets/src/assets/Images/dot.png ... 
925 bytes for ./assets/src/assets/Images/dot.png
copying file ./assets/src/assets/Images/thank-you.png ... 
48285 bytes for ./assets/src/assets/Images/thank-you.png
copying file ./assets/src/assets/Images/map.png ... 
675934 bytes for ./assets/src/assets/Images/map.png
copying file ./assets/src/assets/Images/user.png ... 
29079 bytes for ./assets/src/assets/Images/user.png
copying file ./assets/src/assets/Images/chair.jpeg ... 
35716 bytes for ./assets/src/assets/Images/chair.jpeg
copying file ./assets/src/assets/Images/background.jpeg ... 
127476 bytes for ./assets/src/assets/Images/background.jpeg
copying file ./assets/src/assets/Images/defensiveDriving.png ... 
22248 bytes for ./assets/src/assets/Images/defensiveDriving.png
copying file ./assets/src/assets/Images/avatar.png ... 
126580 bytes for ./assets/src/assets/Images/avatar.png
copying file ./assets/src/assets/Images/tabel.jpg ... 
21125 bytes for ./assets/src/assets/Images/tabel.jpg
copying file ./assets/src/assets/Images/logo.png ... 
1444-04-24 16:41:58 +0000  138813 bytes for ./assets/src/assets/Images/logo.png
copying file ./assets/src/assets/Images/onboarding.png ... 
1444-04-24 16:41:58 +0000  730143 bytes for ./assets/src/assets/Images/onboarding.png
copying file ./assets/src/assets/Images/logo2.png ... 
1444-04-24 16:41:58 +0000  104386 bytes for ./assets/src/assets/Images/logo2.png
copying file ./assets/src/assets/Images/background3.jpeg ... 
92800 bytes for ./assets/src/assets/Images/background3.jpeg
copying file ./assets/src/assets/Images/gasBrake.png ... 
32887 bytes for ./assets/src/assets/Images/gasBrake.png
copying file ./assets/src/assets/Images/spoon.jpeg ... 
10221 bytes for ./assets/src/assets/Images/spoon.jpeg
1444-04-24 16:41:58 +0000  copying file ./assets/src/assets/Images/laneUse.png ... 
1444-04-24 16:41:58 +0000  16577 bytes for ./assets/src/assets/Images/laneUse.png
copying file ./assets/src/assets/Images/background2.jpeg ... 
1444-04-24 16:41:58 +0000  10540 bytes for ./assets/src/assets/Images/background2.jpeg
1444-04-24 16:41:58 +0000  copying file ./assets/src/assets/Icons/email.png ... 
1444-04-24 16:41:58 +0000  1139 bytes for ./assets/src/assets/Icons/email.png
copying file ./assets/src/assets/Icons/card.png ... 
1444-04-24 16:41:58 +0000  1144 bytes for ./assets/src/assets/Icons/card.png
copying file ./assets/src/assets/Icons/plus.png ... 
1444-04-24 16:41:58 +0000  1428 bytes for ./assets/src/assets/Icons/plus.png
1444-04-24 16:41:58 +0000  copying file ./assets/src/assets/Icons/product.png ... 
1444-04-24 16:41:58 +0000  1318 bytes for ./assets/src/assets/Icons/product.png
copying file ./assets/src/assets/Icons/visible.png ... 
1444-04-24 16:41:58 +0000  1626 bytes for ./assets/src/assets/Icons/visible.png
1444-04-24 16:41:58 +0000  copying file ./assets/src/assets/Icons/power.png ... 
1444-04-24 16:41:58 +0000  2257 bytes for ./assets/src/assets/Icons/power.png
1444-04-24 16:41:58 +0000  copying file ./assets/src/assets/Icons/home.png ... 
1444-04-24 16:41:58 +0000  1733 bytes for ./assets/src/assets/Icons/home.png
copying file ./assets/src/assets/Icons/user.png ... 
1444-04-24 16:41:58 +0000  1986 bytes for ./assets/src/assets/Icons/user.png
copying file ./assets/src/assets/Icons/Preloginbg.png ... 
1444-04-24 16:41:58 +0000  86669 bytes for ./assets/src/assets/Icons/Preloginbg.png
copying file ./assets/src/assets/Icons/downFall.png ... 
1444-04-24 16:41:58 +0000  371 bytes for ./assets/src/assets/Icons/downFall.png
copying file ./assets/src/assets/Icons/search.png ... 
1444-04-24 16:41:58 +0000  4160 bytes for ./assets/src/assets/Icons/search.png
1444-04-24 16:41:58 +0000  copying file ./assets/src/assets/Icons/apple.png ... 
1444-04-24 16:41:58 +0000  1548 bytes for ./assets/src/assets/Icons/apple.png
copying file ./assets/src/assets/Icons/stats.png ... 
1444-04-24 16:41:58 +0000  1267 bytes for ./assets/src/assets/Icons/stats.png
copying file ./assets/src/assets/Icons/password.png ... 
1444-04-24 16:41:58 +0000  1297 bytes for ./assets/src/assets/Icons/password.png
1444-04-24 16:41:58 +0000  copying file ./assets/src/assets/Icons/forward.png ... 
1444-04-24 16:41:59 +0000  1265 bytes for ./assets/src/assets/Icons/forward.png
copying file ./assets/src/assets/Icons/backBtn.png ... 
1444-04-24 16:41:59 +0000  1149 bytes for ./assets/src/assets/Icons/backBtn.png
copying file ./assets/src/assets/Icons/privacy-policy.png ... 
1444-04-24 16:41:59 +0000  1282 bytes for ./assets/src/assets/Icons/privacy-policy.png
1444-04-24 16:41:59 +0000  copying file ./assets/src/assets/Icons/lock (2).png ... 
1444-04-24 16:41:59 +0000  1294 bytes for ./assets/src/assets/Icons/lock (2).png
1444-04-24 16:41:59 +0000  copying file ./assets/src/assets/Icons/Profile.png ... 
1444-04-24 16:41:59 +0000  58350 bytes for ./assets/src/assets/Icons/Profile.png
1444-04-24 16:41:59 +0000  copying file ./assets/src/assets/Icons/location.png ... 
1444-04-24 16:41:59 +0000  1430 bytes for ./assets/src/assets/Icons/location.png
1444-04-24 16:41:59 +0000  copying file ./assets/src/assets/Icons/terms-and-conditions.png ... 
1444-04-24 16:41:59 +0000  1663 bytes for ./assets/src/assets/Icons/terms-and-conditions.png
1444-04-24 16:41:59 +0000  copying file ./assets/src/assets/Icons/clock.png ... 
1444-04-24 16:41:59 +0000  3945 bytes for ./assets/src/assets/Icons/clock.png
1444-04-24 16:41:59 +0000  copying file ./assets/src/assets/Icons/bell-ring.png ... 
1444-04-24 16:41:59 +0000  1491 bytes for ./assets/src/assets/Icons/bell-ring.png
copying file ./assets/src/assets/Icons/star.png ... 
1444-04-24 16:41:59 +0000  4935 bytes for ./assets/src/assets/Icons/star.png
copying file ./assets/src/assets/Icons/write.png ... 
1444-04-24 16:41:59 +0000  1170 bytes for ./assets/src/assets/Icons/write.png
1444-04-24 16:41:59 +0000  copying file ./assets/src/assets/Icons/trash.png ... 
1444-04-24 16:41:59 +0000  1001 bytes for ./assets/src/assets/Icons/trash.png
1444-04-24 16:41:59 +0000  copying file ./assets/src/assets/Icons/google.png ... 
1444-04-24 16:41:59 +0000  2099 bytes for ./assets/src/assets/Icons/google.png
1444-04-24 16:41:59 +0000  copying file ./assets/src/assets/Icons/facebook.png ... 
1444-04-24 16:41:59 +0000  644 bytes for ./assets/src/assets/Icons/facebook.png
1444-04-24 16:41:59 +0000  copying file ./assets/src/assets/Icons/send.png ... 
1444-04-24 16:41:59 +0000  2440 bytes for ./assets/src/assets/Icons/send.png
1444-04-24 16:41:59 +0000  copying file ./assets/src/assets/Icons/messages.png ... 
1444-04-24 16:41:59 +0000  1323 bytes for ./assets/src/assets/Icons/messages.png
1444-04-24 16:41:59 +0000  copying file ./assets/src/assets/Icons/unvisible.png ... 
1444-04-24 16:41:59 +0000  1561 bytes for ./assets/src/assets/Icons/unvisible.png
1444-04-24 16:41:59 +0000  copying file ./assets/src/assets/Icons/setting.png ... 
1444-04-24 16:41:59 +0000  1330 bytes for ./assets/src/assets/Icons/setting.png
1444-04-24 16:41:59 +0000  copying file ./Info.plist ... 
1444-04-24 16:41:59 +0000  1748 bytes for ./Info.plist
1444-04-24 16:41:59 +0000  copying file ./PkgInfo ... 
1444-04-24 16:41:59 +0000  8 bytes for ./PkgInfo
1444-04-24 16:41:59 +0000  /usr/bin/ditto exited with 0
1444-04-24 16:41:59 +0000  Processing step: IDEDistributionEmbedProfileStep
1444-04-24 16:41:59 +0000  Processing step: IDEDistributionInfoPlistStep
1444-04-24 16:41:59 +0000  Skipping step: IDEDistributionInfoPlistStep because it said so
1444-04-24 16:41:59 +0000  Processing step: IDEDistributionAppThinningPlistStep
1444-04-24 16:41:59 +0000  Skipping step: IDEDistributionAppThinningPlistStep because it said so
1444-04-24 16:41:59 +0000  Processing step: IDEDistributionCompileBitcodeStep
1444-04-24 16:41:59 +0000  Skipping step: IDEDistributionCompileBitcodeStep because it said so
1444-04-24 16:41:59 +0000  Processing step: IDEDistributionCodeSlimmingStep
1444-04-24 16:41:59 +0000  Running /Applications/Xcode.app/Contents/Developer/Toolchains/XcodeDefault.xctoolchain/usr/bin/bitcode_strip '/var/folders/gh/4qn86l115870rx3nydjgp_rr0000gp/T/XcodeDistPipeline.~~~icz1su/Root/Payload/nouvoprix.app/nouvoprix' '-r' '-keep_cs' '-o' '/var/folders/gh/4qn86l115870rx3nydjgp_rr0000gp/T/XcodeDistPipeline.~~~icz1su/Root/Payload/nouvoprix.app/nouvoprix'
1444-04-24 16:41:59 +0000  /Applications/Xcode.app/Contents/Developer/Toolchains/XcodeDefault.xctoolchain/usr/bin/bitcode_strip exited with 0
1444-04-24 16:41:59 +0000  Processing step: IDEDistributionCopyBCSymbolMapsStep
1444-04-24 16:41:59 +0000  Skipping step: IDEDistributionCopyBCSymbolMapsStep because it said so
1444-04-24 16:41:59 +0000  Processing step: IDEDistributionSymbolsStep
1444-04-24 16:41:59 +0000  Skipping step: IDEDistributionSymbolsStep because it said so
1444-04-24 16:41:59 +0000  Processing step: IDEDistributionAppThinningStep
1444-04-24 16:41:59 +0000  Skipping step: IDEDistributionAppThinningStep because it said so
1444-04-24 16:41:59 +0000  Processing step: IDEDistributionArchThinningStep
1444-04-24 16:41:59 +0000  Running /Applications/Xcode.app/Contents/Developer/Toolchains/XcodeDefault.xctoolchain/usr/bin/lipo '/var/folders/gh/4qn86l115870rx3nydjgp_rr0000gp/T/XcodeDistPipeline.~~~icz1su/Root/Payload/nouvoprix.app/nouvoprix' '-verify_arch' 'arm64e'
1444-04-24 16:41:59 +0000  /Applications/Xcode.app/Contents/Developer/Toolchains/XcodeDefault.xctoolchain/usr/bin/lipo exited with 1
1444-04-24 16:41:59 +0000  Skipping architecture thinning for item "nouvoprix" because arch "arm64e" wasn't found
1444-04-24 16:41:59 +0000  Processing step: IDEDistributionODRStep
1444-04-24 16:41:59 +0000  Processing step: IDEDistributionStripXattrsStep
1444-04-24 16:41:59 +0000  Running /usr/bin/xattr '-crs' '/var/folders/gh/4qn86l115870rx3nydjgp_rr0000gp/T/XcodeDistPipeline.~~~icz1su/Root/Payload/nouvoprix.app'
1444-04-24 16:41:59 +0000  /usr/bin/xattr exited with 0
1444-04-24 16:41:59 +0000  Processing step: IDEDistributionCodesignStep
1444-04-24 16:41:59 +0000  Entitlements for <IDEDistributionItem: 0x7fc041cdc8a0; bundleID='com.appsnado.nouvoprix', path='<DVTFilePath:0x7fc058b70bc0:'/Users/muhammadhassannaeem/Library/Developer/Xcode/Archives/1444-04-24/nouvoprix 24-04-1444 AH, 9.40 PM.xcarchive/Products/Applications/nouvoprix.app'>', codeSigningInfo='<_DVTCodeSigningInformation_Path: 0x7fc041cdd670; isSigned='1', isAdHocSigned='0', signingCertificate='<DVTSigningCertificate: 0x7fc05876f670; name='Apple Development: Muhammad Hassan Naeem (62G4R6T38U)', hash='72078A18F727299D3945AEEEBB6DDA36C8A3AAAF', serialNumber='2F977E4F4BBFA33C0C5CAF9B0CBC1969', certificateKinds='(
    "1.2.840.113635.100.6.1.12",
    "1.2.840.113635.100.6.1.2"
), issueDate='1443-11-02 12:26:46 +0000''>', entitlements='{
    "application-identifier" = "696PA32759.com.appsnado.nouvoprix";
    "com.apple.developer.team-identifier" = 696PA32759;
    "get-task-allow" = 1;
    "keychain-access-groups" =     (
        "696PA32759.com.appsnado.nouvoprix"
    );
}', teamID='696PA32759', identifier='com.appsnado.nouvoprix', executablePath='<DVTFilePath:0x7fc058388a10:'/Users/muhammadhassannaeem/Library/Developer/Xcode/Archives/1444-04-24/nouvoprix 24-04-1444 AH, 9.40 PM.xcarchive/Products/Applications/nouvoprix.app/nouvoprix'>', hardenedRuntime='0'>'>: {
    "application-identifier" = "696PA32759.com.appsnado.nouvoprix";
    "com.apple.developer.team-identifier" = 696PA32759;
    "get-task-allow" = 1;
    "keychain-access-groups" =     (
        "696PA32759.com.appsnado.nouvoprix"
    );
}
1444-04-24 16:41:59 +0000  Entitlements for <IDEDistributionItem: 0x7fc041cdc8a0; bundleID='com.appsnado.nouvoprix', path='<DVTFilePath:0x7fc058b70bc0:'/Users/muhammadhassannaeem/Library/Developer/Xcode/Archives/1444-04-24/nouvoprix 24-04-1444 AH, 9.40 PM.xcarchive/Products/Applications/nouvoprix.app'>', codeSigningInfo='<_DVTCodeSigningInformation_Path: 0x7fc041cdd670; isSigned='1', isAdHocSigned='0', signingCertificate='<DVTSigningCertificate: 0x7fc06a3886a0; name='Apple Development: Muhammad Hassan Naeem (62G4R6T38U)', hash='72078A18F727299D3945AEEEBB6DDA36C8A3AAAF', serialNumber='2F977E4F4BBFA33C0C5CAF9B0CBC1969', certificateKinds='(
    "1.2.840.113635.100.6.1.12",
    "1.2.840.113635.100.6.1.2"
), issueDate='1443-11-02 12:26:46 +0000''>', entitlements='{
    "application-identifier" = "696PA32759.com.appsnado.nouvoprix";
    "com.apple.developer.team-identifier" = 696PA32759;
    "get-task-allow" = 1;
    "keychain-access-groups" =     (
        "696PA32759.com.appsnado.nouvoprix"
    );
}', teamID='696PA32759', identifier='com.appsnado.nouvoprix', executablePath='<DVTFilePath:0x7fc058388a10:'/Users/muhammadhassannaeem/Library/Developer/Xcode/Archives/1444-04-24/nouvoprix 24-04-1444 AH, 9.40 PM.xcarchive/Products/Applications/nouvoprix.app/nouvoprix'>', hardenedRuntime='0'>'> are: {
    "application-identifier" = "696PA32759.com.appsnado.nouvoprix";
    "com.apple.developer.team-identifier" = 696PA32759;
    "get-task-allow" = 1;
    "keychain-access-groups" =     (
        "696PA32759.com.appsnado.nouvoprix"
    );
}
1444-04-24 16:41:59 +0000  Writing entitlements for <IDEDistributionItem: 0x7fc041cdc8a0; bundleID='com.appsnado.nouvoprix', path='<DVTFilePath:0x7fc058b70bc0:'/Users/muhammadhassannaeem/Library/Developer/Xcode/Archives/1444-04-24/nouvoprix 24-04-1444 AH, 9.40 PM.xcarchive/Products/Applications/nouvoprix.app'>', codeSigningInfo='<_DVTCodeSigningInformation_Path: 0x7fc041cdd670; isSigned='1', isAdHocSigned='0', signingCertificate='<DVTSigningCertificate: 0x7fc041c7f2f0; name='Apple Development: Muhammad Hassan Naeem (62G4R6T38U)', hash='72078A18F727299D3945AEEEBB6DDA36C8A3AAAF', serialNumber='2F977E4F4BBFA33C0C5CAF9B0CBC1969', certificateKinds='(
    "1.2.840.113635.100.6.1.12",
    "1.2.840.113635.100.6.1.2"
), issueDate='1443-11-02 12:26:46 +0000''>', entitlements='{
    "application-identifier" = "696PA32759.com.appsnado.nouvoprix";
    "com.apple.developer.team-identifier" = 696PA32759;
    "get-task-allow" = 1;
    "keychain-access-groups" =     (
        "696PA32759.com.appsnado.nouvoprix"
    );
}', teamID='696PA32759', identifier='com.appsnado.nouvoprix', executablePath='<DVTFilePath:0x7fc058388a10:'/Users/muhammadhassannaeem/Library/Developer/Xcode/Archives/1444-04-24/nouvoprix 24-04-1444 AH, 9.40 PM.xcarchive/Products/Applications/nouvoprix.app/nouvoprix'>', hardenedRuntime='0'>'> to: /var/folders/gh/4qn86l115870rx3nydjgp_rr0000gp/T/XcodeDistPipeline.~~~icz1su/entitlements~~~eiptsp
1444-04-24 16:41:59 +0000  Running /usr/bin/codesign '-vvv' '--force' '--sign' '72078A18F727299D3945AEEEBB6DDA36C8A3AAAF' '--entitlements' '/var/folders/gh/4qn86l115870rx3nydjgp_rr0000gp/T/XcodeDistPipeline.~~~icz1su/entitlements~~~eiptsp' '--generate-entitlement-der' '--preserve-metadata=identifier,flags,runtime' '/var/folders/gh/4qn86l115870rx3nydjgp_rr0000gp/T/XcodeDistPipeline.~~~icz1su/Root/Payload/nouvoprix.app'
1444-04-24 16:41:59 +0000  /var/folders/gh/4qn86l115870rx3nydjgp_rr0000gp/T/XcodeDistPipeline.~~~icz1su/Root/Payload/nouvoprix.app: replacing existing signature
1444-04-24 16:41:59 +0000  /var/folders/gh/4qn86l115870rx3nydjgp_rr0000gp/T/XcodeDistPipeline.~~~icz1su/Root/Payload/nouvoprix.app: signed app bundle with Mach-O thin (arm64) [com.appsnado.nouvoprix]
1444-04-24 16:41:59 +0000  /usr/bin/codesign exited with 0
1444-04-24 16:41:59 +0000  Processing step: IDEDistributionZipODRItemStep
1444-04-24 16:41:59 +0000  Skipping step: IDEDistributionZipODRItemStep because it said so
1444-04-24 16:41:59 +0000  Processing step: IDEDistributionCreateIPAStep
1444-04-24 16:41:59 +0000  Running /usr/bin/ditto '-V' '-c' '-k' '--norsrc' '/var/folders/gh/4qn86l115870rx3nydjgp_rr0000gp/T/XcodeDistPipeline.~~~icz1su/Root' '/var/folders/gh/4qn86l115870rx3nydjgp_rr0000gp/T/XcodeDistPipeline.~~~icz1su/Packages/nouvoprix.ipa'
1444-04-24 16:41:59 +0000  >>> Copying /var/folders/gh/4qn86l115870rx3nydjgp_rr0000gp/T/XcodeDistPipeline.~~~icz1su/Root 
1444-04-24 16:41:59 +0000  copying file ./Payload/nouvoprix.app/_CodeSignature/CodeResources ... 
1444-04-24 16:41:59 +0000  45341 bytes for ./Payload/nouvoprix.app/_CodeSignature/CodeResources
1444-04-24 16:41:59 +0000  copying file ./Payload/nouvoprix.app/QBImagePicker.bundle/de.lproj/QBImagePicker.strings ... 
1444-04-24 16:41:59 +0000  1131 bytes for ./Payload/nouvoprix.app/QBImagePicker.bundle/de.lproj/QBImagePicker.strings
1444-04-24 16:41:59 +0000  copying file ./Payload/nouvoprix.app/QBImagePicker.bundle/zh-Hans.lproj/QBImagePicker.strings ... 
1444-04-24 16:41:59 +0000  1119 bytes for ./Payload/nouvoprix.app/QBImagePicker.bundle/zh-Hans.lproj/QBImagePicker.strings
1444-04-24 16:41:59 +0000  copying file ./Payload/nouvoprix.app/QBImagePicker.bundle/ja.lproj/QBImagePicker.strings ... 
1444-04-24 16:41:59 +0000  1214 bytes for ./Payload/nouvoprix.app/QBImagePicker.bundle/ja.lproj/QBImagePicker.strings
1444-04-24 16:41:59 +0000  copying file ./Payload/nouvoprix.app/QBImagePicker.bundle/en.lproj/QBImagePicker.strings ... 
1444-04-24 16:41:59 +0000  1064 bytes for ./Payload/nouvoprix.app/QBImagePicker.bundle/en.lproj/QBImagePicker.strings
1444-04-24 16:41:59 +0000  copying file ./Payload/nouvoprix.app/QBImagePicker.bundle/uk.lproj/QBImagePicker.strings ... 
1444-04-24 16:41:59 +0000  1398 bytes for ./Payload/nouvoprix.app/QBImagePicker.bundle/uk.lproj/QBImagePicker.strings
1444-04-24 16:41:59 +0000  copying file ./Payload/nouvoprix.app/QBImagePicker.bundle/QBImagePicker.storyboardc/QiH-NZ-ZGN-view-sD2-zK-ryo.nib/runtime.nib ... 
1444-04-24 16:41:59 +0000  10163 bytes for ./Payload/nouvoprix.app/QBImagePicker.bundle/QBImagePicker.storyboardc/QiH-NZ-ZGN-view-sD2-zK-ryo.nib/runtime.nib
1444-04-24 16:41:59 +0000  copying file ./Payload/nouvoprix.app/QBImagePicker.bundle/QBImagePicker.storyboardc/QiH-NZ-ZGN-view-sD2-zK-ryo.nib/objects-12.3+.nib ... 
1444-04-24 16:41:59 +0000  10390 bytes for ./Payload/nouvoprix.app/QBImagePicker.bundle/QBImagePicker.storyboardc/QiH-NZ-ZGN-view-sD2-zK-ryo.nib/objects-12.3+.nib
1444-04-24 16:41:59 +0000  copying file ./Payload/nouvoprix.app/QBImagePicker.bundle/QBImagePicker.storyboardc/QBAlbumsViewController.nib/runtime.nib ... 
1444-04-24 16:41:59 +0000  1775 bytes for ./Payload/nouvoprix.app/QBImagePicker.bundle/QBImagePicker.storyboardc/QBAlbumsViewController.nib/runtime.nib
1444-04-24 16:41:59 +0000  copying file ./Payload/nouvoprix.app/QBImagePicker.bundle/QBImagePicker.storyboardc/QBAlbumsViewController.nib/objects-12.3+.nib ... 
1444-04-24 16:41:59 +0000  1775 bytes for ./Payload/nouvoprix.app/QBImagePicker.bundle/QBImagePicker.storyboardc/QBAlbumsViewController.nib/objects-12.3+.nib
1444-04-24 16:41:59 +0000  copying file ./Payload/nouvoprix.app/QBImagePicker.bundle/QBImagePicker.storyboardc/QBAssetsViewController.nib/runtime.nib ... 
1444-04-24 16:41:59 +0000  1368 bytes for ./Payload/nouvoprix.app/QBImagePicker.bundle/QBImagePicker.storyboardc/QBAssetsViewController.nib/runtime.nib
copying file ./Payload/nouvoprix.app/QBImagePicker.bundle/QBImagePicker.storyboardc/QBAssetsViewController.nib/objects-12.3+.nib ... 
1444-04-24 16:41:59 +0000  1368 bytes for ./Payload/nouvoprix.app/QBImagePicker.bundle/QBImagePicker.storyboardc/QBAssetsViewController.nib/objects-12.3+.nib
1444-04-24 16:41:59 +0000  copying file ./Payload/nouvoprix.app/QBImagePicker.bundle/QBImagePicker.storyboardc/QL5-wR-LYt-view-66K-TS-Yoc.nib/runtime.nib ... 
1444-04-24 16:41:59 +0000  7159 bytes for ./Payload/nouvoprix.app/QBImagePicker.bundle/QBImagePicker.storyboardc/QL5-wR-LYt-view-66K-TS-Yoc.nib/runtime.nib
1444-04-24 16:41:59 +0000  copying file ./Payload/nouvoprix.app/QBImagePicker.bundle/QBImagePicker.storyboardc/QL5-wR-LYt-view-66K-TS-Yoc.nib/objects-12.3+.nib ... 
1444-04-24 16:41:59 +0000  7159 bytes for ./Payload/nouvoprix.app/QBImagePicker.bundle/QBImagePicker.storyboardc/QL5-wR-LYt-view-66K-TS-Yoc.nib/objects-12.3+.nib
1444-04-24 16:41:59 +0000  copying file ./Payload/nouvoprix.app/QBImagePicker.bundle/QBImagePicker.storyboardc/QBAlbumsNavigationController.nib/runtime.nib ... 
1444-04-24 16:41:59 +0000  2592 bytes for ./Payload/nouvoprix.app/QBImagePicker.bundle/QBImagePicker.storyboardc/QBAlbumsNavigationController.nib/runtime.nib
1444-04-24 16:41:59 +0000  copying file ./Payload/nouvoprix.app/QBImagePicker.bundle/QBImagePicker.storyboardc/QBAlbumsNavigationController.nib/objects-12.3+.nib ... 
2592 bytes for ./Payload/nouvoprix.app/QBImagePicker.bundle/QBImagePicker.storyboardc/QBAlbumsNavigationController.nib/objects-12.3+.nib
copying file ./Payload/nouvoprix.app/QBImagePicker.bundle/QBImagePicker.storyboardc/Info.plist ... 
289 bytes for ./Payload/nouvoprix.app/QBImagePicker.bundle/QBImagePicker.storyboardc/Info.plist
copying file ./Payload/nouvoprix.app/QBImagePicker.bundle/nb.lproj/QBImagePicker.strings ... 
1444-04-24 16:41:59 +0000  1076 bytes for ./Payload/nouvoprix.app/QBImagePicker.bundle/nb.lproj/QBImagePicker.strings
1444-04-24 16:41:59 +0000  copying file ./Payload/nouvoprix.app/QBImagePicker.bundle/es.lproj/QBImagePicker.strings ... 
1444-04-24 16:41:59 +0000  1113 bytes for ./Payload/nouvoprix.app/QBImagePicker.bundle/es.lproj/QBImagePicker.strings
1444-04-24 16:41:59 +0000  copying file ./Payload/nouvoprix.app/QBImagePicker.bundle/it.lproj/QBImagePicker.strings ... 
1444-04-24 16:41:59 +0000  1088 bytes for ./Payload/nouvoprix.app/QBImagePicker.bundle/it.lproj/QBImagePicker.strings
1444-04-24 16:41:59 +0000  copying file ./Payload/nouvoprix.app/QBImagePicker.bundle/sv.lproj/QBImagePicker.strings ... 
1444-04-24 16:41:59 +0000  1082 bytes for ./Payload/nouvoprix.app/QBImagePicker.bundle/sv.lproj/QBImagePicker.strings
1444-04-24 16:41:59 +0000  copying file ./Payload/nouvoprix.app/QBImagePicker.bundle/ko.lproj/QBImagePicker.strings ... 
1444-04-24 16:41:59 +0000  1139 bytes for ./Payload/nouvoprix.app/QBImagePicker.bundle/ko.lproj/QBImagePicker.strings
1444-04-24 16:41:59 +0000  copying file ./Payload/nouvoprix.app/QBImagePicker.bundle/zh-Hant.lproj/QBImagePicker.strings ... 
1444-04-24 16:41:59 +0000  1119 bytes for ./Payload/nouvoprix.app/QBImagePicker.bundle/zh-Hant.lproj/QBImagePicker.strings
1444-04-24 16:41:59 +0000  copying file ./Payload/nouvoprix.app/QBImagePicker.bundle/tr.lproj/QBImagePicker.strings ... 
1444-04-24 16:41:59 +0000  1104 bytes for ./Payload/nouvoprix.app/QBImagePicker.bundle/tr.lproj/QBImagePicker.strings
1444-04-24 16:41:59 +0000  copying file ./Payload/nouvoprix.app/QBImagePicker.bundle/pl.lproj/QBImagePicker.strings ... 
1444-04-24 16:41:59 +0000  1119 bytes for ./Payload/nouvoprix.app/QBImagePicker.bundle/pl.lproj/QBImagePicker.strings
1444-04-24 16:41:59 +0000  copying file ./Payload/nouvoprix.app/QBImagePicker.bundle/vi.lproj/QBImagePicker.strings ... 
1444-04-24 16:41:59 +0000  1143 bytes for ./Payload/nouvoprix.app/QBImagePicker.bundle/vi.lproj/QBImagePicker.strings
1444-04-24 16:41:59 +0000  copying file ./Payload/nouvoprix.app/QBImagePicker.bundle/ru.lproj/QBImagePicker.strings ... 
1444-04-24 16:41:59 +0000  1433 bytes for ./Payload/nouvoprix.app/QBImagePicker.bundle/ru.lproj/QBImagePicker.strings
1444-04-24 16:41:59 +0000  copying file ./Payload/nouvoprix.app/QBImagePicker.bundle/fr.lproj/QBImagePicker.strings ... 
1444-04-24 16:41:59 +0000  1153 bytes for ./Payload/nouvoprix.app/QBImagePicker.bundle/fr.lproj/QBImagePicker.strings
1444-04-24 16:41:59 +0000  copying file ./Payload/nouvoprix.app/QBImagePicker.bundle/pt.lproj/QBImagePicker.strings ... 
1444-04-24 16:41:59 +0000  1112 bytes for ./Payload/nouvoprix.app/QBImagePicker.bundle/pt.lproj/QBImagePicker.strings
1444-04-24 16:41:59 +0000  copying file ./Payload/nouvoprix.app/QBImagePicker.bundle/ro.lproj/QBImagePicker.strings ... 
1444-04-24 16:41:59 +0000  1127 bytes for ./Payload/nouvoprix.app/QBImagePicker.bundle/ro.lproj/QBImagePicker.strings
1444-04-24 16:41:59 +0000  copying file ./Payload/nouvoprix.app/QBImagePicker.bundle/Info.plist ... 
1444-04-24 16:41:59 +0000  772 bytes for ./Payload/nouvoprix.app/QBImagePicker.bundle/Info.plist
copying file ./Payload/nouvoprix.app/AppIcon60x60@2x.png ... 
1444-04-24 16:41:59 +0000  9058 bytes for ./Payload/nouvoprix.app/AppIcon60x60@2x.png
1444-04-24 16:41:59 +0000  copying file ./Payload/nouvoprix.app/nouvoprix ... 
1444-04-24 16:42:00 +0000  3800192 bytes for ./Payload/nouvoprix.app/nouvoprix
1444-04-24 16:42:00 +0000  copying file ./Payload/nouvoprix.app/AccessibilityResources.bundle/en.lproj/Localizable.strings ... 
518 bytes for ./Payload/nouvoprix.app/AccessibilityResources.bundle/en.lproj/Localizable.strings
copying file ./Payload/nouvoprix.app/AccessibilityResources.bundle/Info.plist ... 
792 bytes for ./Payload/nouvoprix.app/AccessibilityResources.bundle/Info.plist
copying file ./Payload/nouvoprix.app/Assets.car ... 
1444-04-24 16:42:00 +0000  806399 bytes for ./Payload/nouvoprix.app/Assets.car
1444-04-24 16:42:00 +0000  copying file ./Payload/nouvoprix.app/main.jsbundle ... 
1444-04-24 16:42:00 +0000  1939539 bytes for ./Payload/nouvoprix.app/main.jsbundle
1444-04-24 16:42:00 +0000  copying file ./Payload/nouvoprix.app/LaunchScreen.storyboardc/UIViewController-01J-lp-oVM.nib ... 
1444-04-24 16:42:00 +0000  896 bytes for ./Payload/nouvoprix.app/LaunchScreen.storyboardc/UIViewController-01J-lp-oVM.nib
copying file ./Payload/nouvoprix.app/LaunchScreen.storyboardc/01J-lp-oVM-view-SQF-gv-XeQ.nib ... 
1444-04-24 16:42:00 +0000  1142 bytes for ./Payload/nouvoprix.app/LaunchScreen.storyboardc/01J-lp-oVM-view-SQF-gv-XeQ.nib
copying file ./Payload/nouvoprix.app/LaunchScreen.storyboardc/Info.plist ... 
1444-04-24 16:42:00 +0000  258 bytes for ./Payload/nouvoprix.app/LaunchScreen.storyboardc/Info.plist
1444-04-24 16:42:00 +0000  copying file ./Payload/nouvoprix.app/TOCropViewControllerBundle.bundle/de.lproj/TOCropViewControllerLocalizable.strings ... 
1444-04-24 16:42:00 +0000  189 bytes for ./Payload/nouvoprix.app/TOCropViewControllerBundle.bundle/de.lproj/TOCropViewControllerLocalizable.strings
1444-04-24 16:42:00 +0000  copying file ./Payload/nouvoprix.app/TOCropViewControllerBundle.bundle/ar.lproj/TOCropViewControllerLocalizable.strings ... 
1444-04-24 16:42:00 +0000  207 bytes for ./Payload/nouvoprix.app/TOCropViewControllerBundle.bundle/ar.lproj/TOCropViewControllerLocalizable.strings
1444-04-24 16:42:00 +0000  copying file ./Payload/nouvoprix.app/TOCropViewControllerBundle.bundle/zh-Hans.lproj/TOCropViewControllerLocalizable.strings ... 
1444-04-24 16:42:00 +0000  172 bytes for ./Payload/nouvoprix.app/TOCropViewControllerBundle.bundle/zh-Hans.lproj/TOCropViewControllerLocalizable.strings
1444-04-24 16:42:00 +0000  copying file ./Payload/nouvoprix.app/TOCropViewControllerBundle.bundle/ja.lproj/TOCropViewControllerLocalizable.strings ... 
1444-04-24 16:42:00 +0000  210 bytes for ./Payload/nouvoprix.app/TOCropViewControllerBundle.bundle/ja.lproj/TOCropViewControllerLocalizable.strings
1444-04-24 16:42:00 +0000  copying file ./Payload/nouvoprix.app/TOCropViewControllerBundle.bundle/fa.lproj/TOCropViewControllerLocalizable.strings ... 
1444-04-24 16:42:00 +0000  210 bytes for ./Payload/nouvoprix.app/TOCropViewControllerBundle.bundle/fa.lproj/TOCropViewControllerLocalizable.strings
copying file ./Payload/nouvoprix.app/TOCropViewControllerBundle.bundle/en.lproj/TOCropViewControllerLocalizable.strings ... 
1444-04-24 16:42:00 +0000  168 bytes for ./Payload/nouvoprix.app/TOCropViewControllerBundle.bundle/en.lproj/TOCropViewControllerLocalizable.strings
1444-04-24 16:42:00 +0000  copying file ./Payload/nouvoprix.app/TOCropViewControllerBundle.bundle/es.lproj/TOCropViewControllerLocalizable.strings ... 
1444-04-24 16:42:00 +0000  179 bytes for ./Payload/nouvoprix.app/TOCropViewControllerBundle.bundle/es.lproj/TOCropViewControllerLocalizable.strings
1444-04-24 16:42:00 +0000  copying file ./Payload/nouvoprix.app/TOCropViewControllerBundle.bundle/it.lproj/TOCropViewControllerLocalizable.strings ... 
1444-04-24 16:42:00 +0000  181 bytes for ./Payload/nouvoprix.app/TOCropViewControllerBundle.bundle/it.lproj/TOCropViewControllerLocalizable.strings
1444-04-24 16:42:00 +0000  copying file ./Payload/nouvoprix.app/TOCropViewControllerBundle.bundle/sk.lproj/TOCropViewControllerLocalizable.strings ... 
176 bytes for ./Payload/nouvoprix.app/TOCropViewControllerBundle.bundle/sk.lproj/TOCropViewControllerLocalizable.strings
1444-04-24 16:42:00 +0000  copying file ./Payload/nouvoprix.app/TOCropViewControllerBundle.bundle/ms.lproj/TOCropViewControllerLocalizable.strings ... 
1444-04-24 16:42:00 +0000  173 bytes for ./Payload/nouvoprix.app/TOCropViewControllerBundle.bundle/ms.lproj/TOCropViewControllerLocalizable.strings
1444-04-24 16:42:00 +0000  copying file ./Payload/nouvoprix.app/TOCropViewControllerBundle.bundle/cs.lproj/TOCropViewControllerLocalizable.strings ... 
1444-04-24 16:42:00 +0000  173 bytes for ./Payload/nouvoprix.app/TOCropViewControllerBundle.bundle/cs.lproj/TOCropViewControllerLocalizable.strings
1444-04-24 16:42:00 +0000  copying file ./Payload/nouvoprix.app/TOCropViewControllerBundle.bundle/ko.lproj/TOCropViewControllerLocalizable.strings ... 
1444-04-24 16:42:00 +0000  187 bytes for ./Payload/nouvoprix.app/TOCropViewControllerBundle.bundle/ko.lproj/TOCropViewControllerLocalizable.strings
1444-04-24 16:42:00 +0000  copying file ./Payload/nouvoprix.app/TOCropViewControllerBundle.bundle/Base.lproj/TOCropViewControllerLocalizable.strings ... 
1444-04-24 16:42:00 +0000  168 bytes for ./Payload/nouvoprix.app/TOCropViewControllerBundle.bundle/Base.lproj/TOCropViewControllerLocalizable.strings
1444-04-24 16:42:00 +0000  copying file ./Payload/nouvoprix.app/TOCropViewControllerBundle.bundle/zh-Hant.lproj/TOCropViewControllerLocalizable.strings ... 
1444-04-24 16:42:00 +0000  175 bytes for ./Payload/nouvoprix.app/TOCropViewControllerBundle.bundle/zh-Hant.lproj/TOCropViewControllerLocalizable.strings
1444-04-24 16:42:00 +0000  copying file ./Payload/nouvoprix.app/TOCropViewControllerBundle.bundle/fa-IR.lproj/TOCropViewControllerLocalizable.strings ... 
1444-04-24 16:42:00 +0000  210 bytes for ./Payload/nouvoprix.app/TOCropViewControllerBundle.bundle/fa-IR.lproj/TOCropViewControllerLocalizable.strings
1444-04-24 16:42:00 +0000  copying file ./Payload/nouvoprix.app/TOCropViewControllerBundle.bundle/hu.lproj/TOCropViewControllerLocalizable.strings ... 
1444-04-24 16:42:00 +0000  194 bytes for ./Payload/nouvoprix.app/TOCropViewControllerBundle.bundle/hu.lproj/TOCropViewControllerLocalizable.strings
1444-04-24 16:42:00 +0000  copying file ./Payload/nouvoprix.app/TOCropViewControllerBundle.bundle/da-DK.lproj/TOCropViewControllerLocalizable.strings ... 
1444-04-24 16:42:00 +0000  174 bytes for ./Payload/nouvoprix.app/TOCropViewControllerBundle.bundle/da-DK.lproj/TOCropViewControllerLocalizable.strings
1444-04-24 16:42:00 +0000  copying file ./Payload/nouvoprix.app/TOCropViewControllerBundle.bundle/tr.lproj/TOCropViewControllerLocalizable.strings ... 
1444-04-24 16:42:00 +0000  183 bytes for ./Payload/nouvoprix.app/TOCropViewControllerBundle.bundle/tr.lproj/TOCropViewControllerLocalizable.strings
1444-04-24 16:42:00 +0000  copying file ./Payload/nouvoprix.app/TOCropViewControllerBundle.bundle/pl.lproj/TOCropViewControllerLocalizable.strings ... 
1444-04-24 16:42:00 +0000  171 bytes for ./Payload/nouvoprix.app/TOCropViewControllerBundle.bundle/pl.lproj/TOCropViewControllerLocalizable.strings
1444-04-24 16:42:00 +0000  copying file ./Payload/nouvoprix.app/TOCropViewControllerBundle.bundle/pt-BR.lproj/TOCropViewControllerLocalizable.strings ... 
1444-04-24 16:42:00 +0000  181 bytes for ./Payload/nouvoprix.app/TOCropViewControllerBundle.bundle/pt-BR.lproj/TOCropViewControllerLocalizable.strings
copying file ./Payload/nouvoprix.app/TOCropViewControllerBundle.bundle/vi.lproj/TOCropViewControllerLocalizable.strings ... 
1444-04-24 16:42:00 +0000  178 bytes for ./Payload/nouvoprix.app/TOCropViewControllerBundle.bundle/vi.lproj/TOCropViewControllerLocalizable.strings
1444-04-24 16:42:00 +0000  copying file ./Payload/nouvoprix.app/TOCropViewControllerBundle.bundle/ru.lproj/TOCropViewControllerLocalizable.strings ... 
1444-04-24 16:42:00 +0000  237 bytes for ./Payload/nouvoprix.app/TOCropViewControllerBundle.bundle/ru.lproj/TOCropViewControllerLocalizable.strings
copying file ./Payload/nouvoprix.app/TOCropViewControllerBundle.bundle/fr.lproj/TOCropViewControllerLocalizable.strings ... 
1444-04-24 16:42:00 +0000  193 bytes for ./Payload/nouvoprix.app/TOCropViewControllerBundle.bundle/fr.lproj/TOCropViewControllerLocalizable.strings
1444-04-24 16:42:00 +0000  copying file ./Payload/nouvoprix.app/TOCropViewControllerBundle.bundle/fi.lproj/TOCropViewControllerLocalizable.strings ... 
1444-04-24 16:42:00 +0000  179 bytes for ./Payload/nouvoprix.app/TOCropViewControllerBundle.bundle/fi.lproj/TOCropViewControllerLocalizable.strings
1444-04-24 16:42:00 +0000  copying file ./Payload/nouvoprix.app/TOCropViewControllerBundle.bundle/id.lproj/TOCropViewControllerLocalizable.strings ... 
1444-04-24 16:42:00 +0000  178 bytes for ./Payload/nouvoprix.app/TOCropViewControllerBundle.bundle/id.lproj/TOCropViewControllerLocalizable.strings
1444-04-24 16:42:00 +0000  copying file ./Payload/nouvoprix.app/TOCropViewControllerBundle.bundle/nl.lproj/TOCropViewControllerLocalizable.strings ... 
178 bytes for ./Payload/nouvoprix.app/TOCropViewControllerBundle.bundle/nl.lproj/TOCropViewControllerLocalizable.strings
1444-04-24 16:42:00 +0000  copying file ./Payload/nouvoprix.app/TOCropViewControllerBundle.bundle/pt.lproj/TOCropViewControllerLocalizable.strings ... 
1444-04-24 16:42:00 +0000  181 bytes for ./Payload/nouvoprix.app/TOCropViewControllerBundle.bundle/pt.lproj/TOCropViewControllerLocalizable.strings
1444-04-24 16:42:00 +0000  copying file ./Payload/nouvoprix.app/TOCropViewControllerBundle.bundle/ro.lproj/TOCropViewControllerLocalizable.strings ... 
1444-04-24 16:42:00 +0000  181 bytes for ./Payload/nouvoprix.app/TOCropViewControllerBundle.bundle/ro.lproj/TOCropViewControllerLocalizable.strings
copying file ./Payload/nouvoprix.app/TOCropViewControllerBundle.bundle/Info.plist ... 
1444-04-24 16:42:00 +0000  799 bytes for ./Payload/nouvoprix.app/TOCropViewControllerBundle.bundle/Info.plist
1444-04-24 16:42:00 +0000  copying file ./Payload/nouvoprix.app/TOCropViewControllerBundle.bundle/ca.lproj/TOCropViewControllerLocalizable.strings ... 
1444-04-24 16:42:00 +0000  177 bytes for ./Payload/nouvoprix.app/TOCropViewControllerBundle.bundle/ca.lproj/TOCropViewControllerLocalizable.strings
1444-04-24 16:42:00 +0000  copying file ./Payload/nouvoprix.app/embedded.mobileprovision ... 
1444-04-24 16:42:00 +0000  89216 bytes for ./Payload/nouvoprix.app/embedded.mobileprovision
1444-04-24 16:42:00 +0000  copying file ./Payload/nouvoprix.app/assets/node_modules/@react-navigation/drawer/src/views/assets/toggle-drawer-icon@3x.png ... 
1444-04-24 16:42:00 +0000  212 bytes for ./Payload/nouvoprix.app/assets/node_modules/@react-navigation/drawer/src/views/assets/toggle-drawer-icon@3x.png
1444-04-24 16:42:00 +0000  copying file ./Payload/nouvoprix.app/assets/node_modules/@react-navigation/drawer/src/views/assets/toggle-drawer-icon@2x.png ... 
1444-04-24 16:42:00 +0000  163 bytes for ./Payload/nouvoprix.app/assets/node_modules/@react-navigation/drawer/src/views/assets/toggle-drawer-icon@2x.png
copying file ./Payload/nouvoprix.app/assets/node_modules/@react-navigation/drawer/src/views/assets/toggle-drawer-icon.png ... 
1444-04-24 16:42:00 +0000  108 bytes for ./Payload/nouvoprix.app/assets/node_modules/@react-navigation/drawer/src/views/assets/toggle-drawer-icon.png
1444-04-24 16:42:00 +0000  copying file ./Payload/nouvoprix.app/assets/node_modules/@react-navigation/elements/src/assets/back-icon@3x.png ... 
1444-04-24 16:42:00 +0000  761 bytes for ./Payload/nouvoprix.app/assets/node_modules/@react-navigation/elements/src/assets/back-icon@3x.png
1444-04-24 16:42:00 +0000  copying file ./Payload/nouvoprix.app/assets/node_modules/@react-navigation/elements/src/assets/back-icon@2x.png ... 
1444-04-24 16:42:00 +0000  405 bytes for ./Payload/nouvoprix.app/assets/node_modules/@react-navigation/elements/src/assets/back-icon@2x.png
copying file ./Payload/nouvoprix.app/assets/node_modules/@react-navigation/elements/src/assets/back-icon.png ... 
1444-04-24 16:42:00 +0000  290 bytes for ./Payload/nouvoprix.app/assets/node_modules/@react-navigation/elements/src/assets/back-icon.png
copying file ./Payload/nouvoprix.app/assets/node_modules/@react-navigation/elements/src/assets/back-icon-mask.png ... 
1444-04-24 16:42:00 +0000  913 bytes for ./Payload/nouvoprix.app/assets/node_modules/@react-navigation/elements/src/assets/back-icon-mask.png
1444-04-24 16:42:00 +0000  copying file ./Payload/nouvoprix.app/assets/src/assets/Images/cups.jpeg ... 
1444-04-24 16:42:00 +0000  55941 bytes for ./Payload/nouvoprix.app/assets/src/assets/Images/cups.jpeg
1444-04-24 16:42:00 +0000  copying file ./Payload/nouvoprix.app/assets/src/assets/Images/plate.jpeg ... 
1444-04-24 16:42:00 +0000  5081 bytes for ./Payload/nouvoprix.app/assets/src/assets/Images/plate.jpeg
1444-04-24 16:42:00 +0000  copying file ./Payload/nouvoprix.app/assets/src/assets/Images/basicIntersections.png ... 
1444-04-24 16:42:00 +0000  37095 bytes for ./Payload/nouvoprix.app/assets/src/assets/Images/basicIntersections.png
1444-04-24 16:42:00 +0000  copying file ./Payload/nouvoprix.app/assets/src/assets/Images/tray.jpeg ... 
1444-04-24 16:42:00 +0000  68452 bytes for ./Payload/nouvoprix.app/assets/src/assets/Images/tray.jpeg
1444-04-24 16:42:00 +0000  copying file ./Payload/nouvoprix.app/assets/src/assets/Images/dot.png ... 
1444-04-24 16:42:00 +0000  925 bytes for ./Payload/nouvoprix.app/assets/src/assets/Images/dot.png
copying file ./Payload/nouvoprix.app/assets/src/assets/Images/thank-you.png ... 
1444-04-24 16:42:00 +0000  48285 bytes for ./Payload/nouvoprix.app/assets/src/assets/Images/thank-you.png
1444-04-24 16:42:00 +0000  copying file ./Payload/nouvoprix.app/assets/src/assets/Images/map.png ... 
1444-04-24 16:42:00 +0000  675934 bytes for ./Payload/nouvoprix.app/assets/src/assets/Images/map.png
1444-04-24 16:42:00 +0000  copying file ./Payload/nouvoprix.app/assets/src/assets/Images/user.png ... 
1444-04-24 16:42:00 +0000  29079 bytes for ./Payload/nouvoprix.app/assets/src/assets/Images/user.png
1444-04-24 16:42:00 +0000  copying file ./Payload/nouvoprix.app/assets/src/assets/Images/chair.jpeg ... 
1444-04-24 16:42:00 +0000  35716 bytes for ./Payload/nouvoprix.app/assets/src/assets/Images/chair.jpeg
1444-04-24 16:42:00 +0000  copying file ./Payload/nouvoprix.app/assets/src/assets/Images/background.jpeg ... 
1444-04-24 16:42:00 +0000  127476 bytes for ./Payload/nouvoprix.app/assets/src/assets/Images/background.jpeg
1444-04-24 16:42:00 +0000  copying file ./Payload/nouvoprix.app/assets/src/assets/Images/defensiveDriving.png ... 
1444-04-24 16:42:00 +0000  22248 bytes for ./Payload/nouvoprix.app/assets/src/assets/Images/defensiveDriving.png
1444-04-24 16:42:00 +0000  copying file ./Payload/nouvoprix.app/assets/src/assets/Images/avatar.png ... 
1444-04-24 16:42:00 +0000  126580 bytes for ./Payload/nouvoprix.app/assets/src/assets/Images/avatar.png
1444-04-24 16:42:00 +0000  copying file ./Payload/nouvoprix.app/assets/src/assets/Images/tabel.jpg ... 
1444-04-24 16:42:00 +0000  21125 bytes for ./Payload/nouvoprix.app/assets/src/assets/Images/tabel.jpg
1444-04-24 16:42:00 +0000  copying file ./Payload/nouvoprix.app/assets/src/assets/Images/logo.png ... 
1444-04-24 16:42:00 +0000  138813 bytes for ./Payload/nouvoprix.app/assets/src/assets/Images/logo.png
1444-04-24 16:42:00 +0000  copying file ./Payload/nouvoprix.app/assets/src/assets/Images/onboarding.png ... 
1444-04-24 16:42:00 +0000  730143 bytes for ./Payload/nouvoprix.app/assets/src/assets/Images/onboarding.png
1444-04-24 16:42:00 +0000  copying file ./Payload/nouvoprix.app/assets/src/assets/Images/logo2.png ... 
1444-04-24 16:42:00 +0000  104386 bytes for ./Payload/nouvoprix.app/assets/src/assets/Images/logo2.png
1444-04-24 16:42:00 +0000  copying file ./Payload/nouvoprix.app/assets/src/assets/Images/background3.jpeg ... 
1444-04-24 16:42:00 +0000  92800 bytes for ./Payload/nouvoprix.app/assets/src/assets/Images/background3.jpeg
1444-04-24 16:42:00 +0000  copying file ./Payload/nouvoprix.app/assets/src/assets/Images/gasBrake.png ... 
1444-04-24 16:42:00 +0000  32887 bytes for ./Payload/nouvoprix.app/assets/src/assets/Images/gasBrake.png
1444-04-24 16:42:00 +0000  copying file ./Payload/nouvoprix.app/assets/src/assets/Images/spoon.jpeg ... 
1444-04-24 16:42:00 +0000  10221 bytes for ./Payload/nouvoprix.app/assets/src/assets/Images/spoon.jpeg
1444-04-24 16:42:00 +0000  copying file ./Payload/nouvoprix.app/assets/src/assets/Images/laneUse.png ... 
1444-04-24 16:42:00 +0000  16577 bytes for ./Payload/nouvoprix.app/assets/src/assets/Images/laneUse.png
1444-04-24 16:42:00 +0000  copying file ./Payload/nouvoprix.app/assets/src/assets/Images/background2.jpeg ... 
1444-04-24 16:42:00 +0000  10540 bytes for ./Payload/nouvoprix.app/assets/src/assets/Images/background2.jpeg
1444-04-24 16:42:00 +0000  copying file ./Payload/nouvoprix.app/assets/src/assets/Icons/email.png ... 
1444-04-24 16:42:00 +0000  1139 bytes for ./Payload/nouvoprix.app/assets/src/assets/Icons/email.png
1444-04-24 16:42:00 +0000  copying file ./Payload/nouvoprix.app/assets/src/assets/Icons/card.png ... 
1444-04-24 16:42:00 +0000  1144 bytes for ./Payload/nouvoprix.app/assets/src/assets/Icons/card.png
copying file ./Payload/nouvoprix.app/assets/src/assets/Icons/plus.png ... 
1444-04-24 16:42:00 +0000  1428 bytes for ./Payload/nouvoprix.app/assets/src/assets/Icons/plus.png
1444-04-24 16:42:00 +0000  copying file ./Payload/nouvoprix.app/assets/src/assets/Icons/product.png ... 
1444-04-24 16:42:00 +0000  1318 bytes for ./Payload/nouvoprix.app/assets/src/assets/Icons/product.png
1444-04-24 16:42:00 +0000  copying file ./Payload/nouvoprix.app/assets/src/assets/Icons/visible.png ... 
1444-04-24 16:42:00 +0000  1626 bytes for ./Payload/nouvoprix.app/assets/src/assets/Icons/visible.png
copying file ./Payload/nouvoprix.app/assets/src/assets/Icons/power.png ... 
1444-04-24 16:42:00 +0000  2257 bytes for ./Payload/nouvoprix.app/assets/src/assets/Icons/power.png
1444-04-24 16:42:00 +0000  copying file ./Payload/nouvoprix.app/assets/src/assets/Icons/home.png ... 
1444-04-24 16:42:00 +0000  1733 bytes for ./Payload/nouvoprix.app/assets/src/assets/Icons/home.png
1444-04-24 16:42:00 +0000  copying file ./Payload/nouvoprix.app/assets/src/assets/Icons/user.png ... 
1444-04-24 16:42:00 +0000  1986 bytes for ./Payload/nouvoprix.app/assets/src/assets/Icons/user.png
copying file ./Payload/nouvoprix.app/assets/src/assets/Icons/Preloginbg.png ... 
1444-04-24 16:42:00 +0000  86669 bytes for ./Payload/nouvoprix.app/assets/src/assets/Icons/Preloginbg.png
copying file ./Payload/nouvoprix.app/assets/src/assets/Icons/downFall.png ... 
1444-04-24 16:42:00 +0000  371 bytes for ./Payload/nouvoprix.app/assets/src/assets/Icons/downFall.png
1444-04-24 16:42:00 +0000  copying file ./Payload/nouvoprix.app/assets/src/assets/Icons/search.png ... 
1444-04-24 16:42:00 +0000  4160 bytes for ./Payload/nouvoprix.app/assets/src/assets/Icons/search.png
copying file ./Payload/nouvoprix.app/assets/src/assets/Icons/apple.png ... 
1444-04-24 16:42:00 +0000  1548 bytes for ./Payload/nouvoprix.app/assets/src/assets/Icons/apple.png
copying file ./Payload/nouvoprix.app/assets/src/assets/Icons/stats.png ... 
1444-04-24 16:42:00 +0000  1267 bytes for ./Payload/nouvoprix.app/assets/src/assets/Icons/stats.png
copying file ./Payload/nouvoprix.app/assets/src/assets/Icons/password.png ... 
1444-04-24 16:42:00 +0000  1297 bytes for ./Payload/nouvoprix.app/assets/src/assets/Icons/password.png
1444-04-24 16:42:00 +0000  copying file ./Payload/nouvoprix.app/assets/src/assets/Icons/forward.png ... 
1444-04-24 16:42:00 +0000  1265 bytes for ./Payload/nouvoprix.app/assets/src/assets/Icons/forward.png
copying file ./Payload/nouvoprix.app/assets/src/assets/Icons/backBtn.png ... 
1444-04-24 16:42:00 +0000  1149 bytes for ./Payload/nouvoprix.app/assets/src/assets/Icons/backBtn.png
1444-04-24 16:42:00 +0000  copying file ./Payload/nouvoprix.app/assets/src/assets/Icons/privacy-policy.png ... 
1444-04-24 16:42:00 +0000  1282 bytes for ./Payload/nouvoprix.app/assets/src/assets/Icons/privacy-policy.png
copying file ./Payload/nouvoprix.app/assets/src/assets/Icons/lock (2).png ... 
1444-04-24 16:42:00 +0000  1294 bytes for ./Payload/nouvoprix.app/assets/src/assets/Icons/lock (2).png
1444-04-24 16:42:00 +0000  copying file ./Payload/nouvoprix.app/assets/src/assets/Icons/Profile.png ... 
1444-04-24 16:42:00 +0000  58350 bytes for ./Payload/nouvoprix.app/assets/src/assets/Icons/Profile.png
1444-04-24 16:42:00 +0000  copying file ./Payload/nouvoprix.app/assets/src/assets/Icons/location.png ... 
1444-04-24 16:42:00 +0000  1430 bytes for ./Payload/nouvoprix.app/assets/src/assets/Icons/location.png
copying file ./Payload/nouvoprix.app/assets/src/assets/Icons/terms-and-conditions.png ... 
1444-04-24 16:42:00 +0000  1663 bytes for ./Payload/nouvoprix.app/assets/src/assets/Icons/terms-and-conditions.png
1444-04-24 16:42:00 +0000  copying file ./Payload/nouvoprix.app/assets/src/assets/Icons/clock.png ... 
3945 bytes for ./Payload/nouvoprix.app/assets/src/assets/Icons/clock.png
copying file ./Payload/nouvoprix.app/assets/src/assets/Icons/bell-ring.png ... 
1444-04-24 16:42:00 +0000  1491 bytes for ./Payload/nouvoprix.app/assets/src/assets/Icons/bell-ring.png
1444-04-24 16:42:00 +0000  copying file ./Payload/nouvoprix.app/assets/src/assets/Icons/star.png ... 
1444-04-24 16:42:00 +0000  4935 bytes for ./Payload/nouvoprix.app/assets/src/assets/Icons/star.png
1444-04-24 16:42:00 +0000  copying file ./Payload/nouvoprix.app/assets/src/assets/Icons/write.png ... 
1444-04-24 16:42:00 +0000  1170 bytes for ./Payload/nouvoprix.app/assets/src/assets/Icons/write.png
1444-04-24 16:42:00 +0000  copying file ./Payload/nouvoprix.app/assets/src/assets/Icons/trash.png ... 
1444-04-24 16:42:00 +0000  1001 bytes for ./Payload/nouvoprix.app/assets/src/assets/Icons/trash.png
1444-04-24 16:42:00 +0000  copying file ./Payload/nouvoprix.app/assets/src/assets/Icons/google.png ... 
1444-04-24 16:42:00 +0000  2099 bytes for ./Payload/nouvoprix.app/assets/src/assets/Icons/google.png
1444-04-24 16:42:00 +0000  copying file ./Payload/nouvoprix.app/assets/src/assets/Icons/facebook.png ... 
1444-04-24 16:42:00 +0000  644 bytes for ./Payload/nouvoprix.app/assets/src/assets/Icons/facebook.png
copying file ./Payload/nouvoprix.app/assets/src/assets/Icons/send.png ... 
1444-04-24 16:42:00 +0000  2440 bytes for ./Payload/nouvoprix.app/assets/src/assets/Icons/send.png
1444-04-24 16:42:00 +0000  copying file ./Payload/nouvoprix.app/assets/src/assets/Icons/messages.png ... 
1444-04-24 16:42:00 +0000  1323 bytes for ./Payload/nouvoprix.app/assets/src/assets/Icons/messages.png
copying file ./Payload/nouvoprix.app/assets/src/assets/Icons/unvisible.png ... 
1444-04-24 16:42:00 +0000  1561 bytes for ./Payload/nouvoprix.app/assets/src/assets/Icons/unvisible.png
1444-04-24 16:42:00 +0000  copying file ./Payload/nouvoprix.app/assets/src/assets/Icons/setting.png ... 
1444-04-24 16:42:00 +0000  1330 bytes for ./Payload/nouvoprix.app/assets/src/assets/Icons/setting.png
1444-04-24 16:42:00 +0000  copying file ./Payload/nouvoprix.app/Info.plist ... 
1444-04-24 16:42:00 +0000  1748 bytes for ./Payload/nouvoprix.app/Info.plist
1444-04-24 16:42:00 +0000  copying file ./Payload/nouvoprix.app/PkgInfo ... 
1444-04-24 16:42:00 +0000  8 bytes for ./Payload/nouvoprix.app/PkgInfo
1444-04-24 16:42:00 +0000  /usr/bin/ditto exited with 0
1444-04-24 16:42:00 +0000  Processing step: IDEDistributionAppStoreInformationStep
1444-04-24 16:42:00 +0000  Skipping step: IDEDistributionAppStoreInformationStep because it said so
1444-04-24 16:42:00 +0000  Processing step: IDEDistributionGenerateProcessedDistributionItems
1444-04-24 16:42:00 +0000  IDEDistributionItem init <DVTFilePath:0x7fc041c939d0:'/var/folders/gh/4qn86l115870rx3nydjgp_rr0000gp/T/XcodeDistPipeline.~~~icz1su/Root/Payload/nouvoprix.app'>
1444-04-24 16:42:00 +0000  Processing step: IDEDistributionCreateManifestStep
